\BOOKMARK [0][-]{chapter.1}{\376\377\0001\000\040\000N\000a\000m\000e\000s\000p\000a\000c\000e\000\040\000I\000n\000d\000e\000x}{}% 1
\BOOKMARK [1][-]{section.1.1}{\376\377\0001\000.\0001\000\040\000N\000a\000m\000e\000s\000p\000a\000c\000e\000\040\000L\000i\000s\000t}{chapter.1}% 2
\BOOKMARK [0][-]{chapter.2}{\376\377\0002\000\040\000C\000l\000a\000s\000s\000\040\000I\000n\000d\000e\000x}{}% 3
\BOOKMARK [1][-]{section.2.1}{\376\377\0002\000.\0001\000\040\000C\000l\000a\000s\000s\000\040\000L\000i\000s\000t}{chapter.2}% 4
\BOOKMARK [0][-]{chapter.3}{\376\377\0003\000\040\000F\000i\000l\000e\000\040\000I\000n\000d\000e\000x}{}% 5
\BOOKMARK [1][-]{section.3.1}{\376\377\0003\000.\0001\000\040\000F\000i\000l\000e\000\040\000L\000i\000s\000t}{chapter.3}% 6
\BOOKMARK [0][-]{chapter.4}{\376\377\0004\000\040\000N\000a\000m\000e\000s\000p\000a\000c\000e\000\040\000D\000o\000c\000u\000m\000e\000n\000t\000a\000t\000i\000o\000n}{}% 7
\BOOKMARK [1][-]{section.4.1}{\376\377\0004\000.\0001\000\040\000P\000a\000r\000t\000i\000c\000l\000e\000M\000a\000s\000s\000\040\000N\000a\000m\000e\000s\000p\000a\000c\000e\000\040\000R\000e\000f\000e\000r\000e\000n\000c\000e}{chapter.4}% 8
\BOOKMARK [2][-]{subsection.4.1.1}{\376\377\0004\000.\0001\000.\0001\000\040\000D\000e\000t\000a\000i\000l\000e\000d\000\040\000D\000e\000s\000c\000r\000i\000p\000t\000i\000o\000n}{section.4.1}% 9
\BOOKMARK [2][-]{subsection.4.1.2}{\376\377\0004\000.\0001\000.\0002\000\040\000F\000u\000n\000c\000t\000i\000o\000n\000\040\000D\000o\000c\000u\000m\000e\000n\000t\000a\000t\000i\000o\000n}{section.4.1}% 10
\BOOKMARK [3][-]{subsubsection.4.1.2.1}{\376\377\0004\000.\0001\000.\0002\000.\0001\000\040\000G\000e\000t\000M\000a\000s\000s\000\050\000\051}{subsection.4.1.2}% 11
\BOOKMARK [1][-]{section.4.2}{\376\377\0004\000.\0002\000\040\000P\000h\000o\000t\000o\000n\000M\000a\000p\000p\000e\000r\000\040\000N\000a\000m\000e\000s\000p\000a\000c\000e\000\040\000R\000e\000f\000e\000r\000e\000n\000c\000e}{chapter.4}% 12
\BOOKMARK [2][-]{subsection.4.2.1}{\376\377\0004\000.\0002\000.\0001\000\040\000D\000e\000t\000a\000i\000l\000e\000d\000\040\000D\000e\000s\000c\000r\000i\000p\000t\000i\000o\000n}{section.4.2}% 13
\BOOKMARK [2][-]{subsection.4.2.2}{\376\377\0004\000.\0002\000.\0002\000\040\000F\000u\000n\000c\000t\000i\000o\000n\000\040\000D\000o\000c\000u\000m\000e\000n\000t\000a\000t\000i\000o\000n}{section.4.2}% 14
\BOOKMARK [3][-]{subsubsection.4.2.2.1}{\376\377\0004\000.\0002\000.\0002\000.\0001\000\040\000P\000h\000o\000t\000o\000n\000M\000i\000r\000r\000o\000r\000D\000i\000s\000t\000a\000n\000c\000e\000\050\000\051}{subsection.4.2.2}% 15
\BOOKMARK [3][-]{subsubsection.4.2.2.2}{\376\377\0004\000.\0002\000.\0002\000.\0002\000\040\000T\000r\000a\000c\000e\000P\000h\000o\000t\000o\000n\000\050\000\051}{subsection.4.2.2}% 16
\BOOKMARK [3][-]{subsubsection.4.2.2.3}{\376\377\0004\000.\0002\000.\0002\000.\0003\000\040\000T\000r\000a\000c\000e\000P\000h\000o\000t\000o\000n\000T\000o\000D\000e\000t\000e\000c\000t\000o\000r\000\050\000\051}{subsection.4.2.2}% 17
\BOOKMARK [3][-]{subsubsection.4.2.2.4}{\376\377\0004\000.\0002\000.\0002\000.\0004\000\040\000T\000r\000a\000c\000e\000P\000h\000o\000t\000o\000n\000T\000o\000M\000i\000r\000r\000o\000r\000\050\000\051}{subsection.4.2.2}% 18
\BOOKMARK [0][-]{chapter.5}{\376\377\0005\000\040\000C\000l\000a\000s\000s\000\040\000D\000o\000c\000u\000m\000e\000n\000t\000a\000t\000i\000o\000n}{}% 19
\BOOKMARK [1][-]{section.5.1}{\376\377\0005\000.\0001\000\040\000P\000a\000r\000t\000i\000c\000l\000e\000T\000r\000a\000c\000k\000\040\000C\000l\000a\000s\000s\000\040\000R\000e\000f\000e\000r\000e\000n\000c\000e}{chapter.5}% 20
\BOOKMARK [2][-]{subsection.5.1.1}{\376\377\0005\000.\0001\000.\0001\000\040\000D\000e\000t\000a\000i\000l\000e\000d\000\040\000D\000e\000s\000c\000r\000i\000p\000t\000i\000o\000n}{section.5.1}% 21
\BOOKMARK [2][-]{subsection.5.1.2}{\376\377\0005\000.\0001\000.\0002\000\040\000M\000e\000m\000b\000e\000r\000\040\000E\000n\000u\000m\000e\000r\000a\000t\000i\000o\000n\000\040\000D\000o\000c\000u\000m\000e\000n\000t\000a\000t\000i\000o\000n}{section.5.1}% 22
\BOOKMARK [3][-]{subsubsection.5.1.2.1}{\376\377\0005\000.\0001\000.\0002\000.\0001\000\040\000C\000o\000o\000r\000d\000i\000n\000a\000t\000e\000S\000y\000s\000t\000e\000m}{subsection.5.1.2}% 23
\BOOKMARK [2][-]{subsection.5.1.3}{\376\377\0005\000.\0001\000.\0003\000\040\000C\000o\000n\000s\000t\000r\000u\000c\000t\000o\000r\000\040\000\046\000\040\000D\000e\000s\000t\000r\000u\000c\000t\000o\000r\000\040\000D\000o\000c\000u\000m\000e\000n\000t\000a\000t\000i\000o\000n}{section.5.1}% 24
\BOOKMARK [3][-]{subsubsection.5.1.3.1}{\376\377\0005\000.\0001\000.\0003\000.\0001\000\040\000P\000a\000r\000t\000i\000c\000l\000e\000T\000r\000a\000c\000k\000\050\000\051}{subsection.5.1.3}% 25
\BOOKMARK [2][-]{subsection.5.1.4}{\376\377\0005\000.\0001\000.\0004\000\040\000M\000e\000m\000b\000e\000r\000\040\000F\000u\000n\000c\000t\000i\000o\000n\000\040\000D\000o\000c\000u\000m\000e\000n\000t\000a\000t\000i\000o\000n}{section.5.1}% 26
\BOOKMARK [3][-]{subsubsection.5.1.4.1}{\376\377\0005\000.\0001\000.\0004\000.\0001\000\040\000B\000e\000t\000a\000\050\000\051}{subsection.5.1.4}% 27
\BOOKMARK [3][-]{subsubsection.5.1.4.2}{\376\377\0005\000.\0001\000.\0004\000.\0002\000\040\000C\000o\000n\000v\000e\000r\000t\000T\000o\000R\000a\000d\000i\000a\000t\000o\000r\000C\000o\000o\000r\000d\000i\000n\000a\000t\000e\000s\000\050\000\051}{subsection.5.1.4}% 28
\BOOKMARK [3][-]{subsubsection.5.1.4.3}{\376\377\0005\000.\0001\000.\0004\000.\0003\000\040\000G\000e\000n\000e\000r\000a\000t\000e\000P\000h\000o\000t\000o\000n\000\050\000\051}{subsection.5.1.4}% 29
\BOOKMARK [3][-]{subsubsection.5.1.4.4}{\376\377\0005\000.\0001\000.\0004\000.\0004\000\040\000G\000e\000n\000e\000r\000a\000t\000e\000P\000h\000o\000t\000o\000n\000F\000r\000o\000m\000A\000e\000r\000o\000g\000e\000l\000\050\000\051}{subsection.5.1.4}% 30
\BOOKMARK [3][-]{subsubsection.5.1.4.5}{\376\377\0005\000.\0001\000.\0004\000.\0005\000\040\000G\000e\000n\000e\000r\000a\000t\000e\000P\000h\000o\000t\000o\000n\000F\000r\000o\000m\000G\000a\000s\000\050\000\051}{subsection.5.1.4}% 31
\BOOKMARK [3][-]{subsubsection.5.1.4.6}{\376\377\0005\000.\0001\000.\0004\000.\0006\000\040\000G\000e\000n\000e\000r\000a\000t\000e\000P\000h\000o\000t\000o\000n\000s\000F\000r\000o\000m\000A\000e\000r\000o\000g\000e\000l\000\050\000\051}{subsection.5.1.4}% 32
\BOOKMARK [3][-]{subsubsection.5.1.4.7}{\376\377\0005\000.\0001\000.\0004\000.\0007\000\040\000G\000e\000n\000e\000r\000a\000t\000e\000P\000h\000o\000t\000o\000n\000s\000F\000r\000o\000m\000G\000a\000s\000\050\000\051}{subsection.5.1.4}% 33
\BOOKMARK [3][-]{subsubsection.5.1.4.8}{\376\377\0005\000.\0001\000.\0004\000.\0008\000\040\000T\000r\000a\000c\000k\000T\000h\000r\000o\000u\000g\000h\000R\000a\000d\000i\000a\000t\000o\000r\000C\000e\000l\000l\000\050\000\051}{subsection.5.1.4}% 34
\BOOKMARK [3][-]{subsubsection.5.1.4.9}{\376\377\0005\000.\0001\000.\0004\000.\0009\000\040\000T\000r\000a\000c\000k\000T\000h\000r\000o\000u\000g\000h\000T\000r\000a\000c\000k\000e\000r\000\050\000\051}{subsection.5.1.4}% 35
\BOOKMARK [1][-]{section.5.2}{\376\377\0005\000.\0002\000\040\000P\000h\000o\000t\000o\000n\000\040\000S\000t\000r\000u\000c\000t\000\040\000R\000e\000f\000e\000r\000e\000n\000c\000e}{chapter.5}% 36
\BOOKMARK [2][-]{subsection.5.2.1}{\376\377\0005\000.\0002\000.\0001\000\040\000D\000e\000t\000a\000i\000l\000e\000d\000\040\000D\000e\000s\000c\000r\000i\000p\000t\000i\000o\000n}{section.5.2}% 37
\BOOKMARK [2][-]{subsection.5.2.2}{\376\377\0005\000.\0002\000.\0002\000\040\000M\000e\000m\000b\000e\000r\000\040\000E\000n\000u\000m\000e\000r\000a\000t\000i\000o\000n\000\040\000D\000o\000c\000u\000m\000e\000n\000t\000a\000t\000i\000o\000n}{section.5.2}% 38
\BOOKMARK [3][-]{subsubsection.5.2.2.1}{\376\377\0005\000.\0002\000.\0002\000.\0001\000\040\000R\000a\000d\000i\000a\000t\000o\000r}{subsection.5.2.2}% 39
\BOOKMARK [2][-]{subsection.5.2.3}{\376\377\0005\000.\0002\000.\0003\000\040\000C\000o\000n\000s\000t\000r\000u\000c\000t\000o\000r\000\040\000\046\000\040\000D\000e\000s\000t\000r\000u\000c\000t\000o\000r\000\040\000D\000o\000c\000u\000m\000e\000n\000t\000a\000t\000i\000o\000n}{section.5.2}% 40
\BOOKMARK [3][-]{subsubsection.5.2.3.1}{\376\377\0005\000.\0002\000.\0003\000.\0001\000\040\000P\000h\000o\000t\000o\000n\000\050\000\051}{subsection.5.2.3}% 41
\BOOKMARK [2][-]{subsection.5.2.4}{\376\377\0005\000.\0002\000.\0004\000\040\000M\000e\000m\000b\000e\000r\000\040\000D\000a\000t\000a\000\040\000D\000o\000c\000u\000m\000e\000n\000t\000a\000t\000i\000o\000n}{section.5.2}% 42
\BOOKMARK [3][-]{subsubsection.5.2.4.1}{\376\377\0005\000.\0002\000.\0004\000.\0001\000\040\000m\000\137\000D\000i\000r\000e\000c\000t\000i\000o\000n}{subsection.5.2.4}% 43
\BOOKMARK [3][-]{subsubsection.5.2.4.2}{\376\377\0005\000.\0002\000.\0004\000.\0002\000\040\000m\000\137\000E\000m\000i\000s\000s\000i\000o\000n\000P\000o\000i\000n\000t}{subsection.5.2.4}% 44
\BOOKMARK [3][-]{subsubsection.5.2.4.3}{\376\377\0005\000.\0002\000.\0004\000.\0003\000\040\000m\000\137\000E\000n\000e\000r\000g\000y}{subsection.5.2.4}% 45
\BOOKMARK [3][-]{subsubsection.5.2.4.4}{\376\377\0005\000.\0002\000.\0004\000.\0004\000\040\000m\000\137\000P\000o\000s\000i\000t\000i\000o\000n}{subsection.5.2.4}% 46
\BOOKMARK [3][-]{subsubsection.5.2.4.5}{\376\377\0005\000.\0002\000.\0004\000.\0005\000\040\000m\000\137\000R\000a\000d\000i\000a\000t\000o\000r}{subsection.5.2.4}% 47
\BOOKMARK [1][-]{section.5.3}{\376\377\0005\000.\0003\000\040\000P\000h\000o\000t\000o\000n\000H\000i\000t\000\040\000S\000t\000r\000u\000c\000t\000\040\000R\000e\000f\000e\000r\000e\000n\000c\000e}{chapter.5}% 48
\BOOKMARK [2][-]{subsection.5.3.1}{\376\377\0005\000.\0003\000.\0001\000\040\000D\000e\000t\000a\000i\000l\000e\000d\000\040\000D\000e\000s\000c\000r\000i\000p\000t\000i\000o\000n}{section.5.3}% 49
\BOOKMARK [2][-]{subsection.5.3.2}{\376\377\0005\000.\0003\000.\0002\000\040\000C\000o\000n\000s\000t\000r\000u\000c\000t\000o\000r\000\040\000\046\000\040\000D\000e\000s\000t\000r\000u\000c\000t\000o\000r\000\040\000D\000o\000c\000u\000m\000e\000n\000t\000a\000t\000i\000o\000n}{section.5.3}% 50
\BOOKMARK [3][-]{subsubsection.5.3.2.1}{\376\377\0005\000.\0003\000.\0002\000.\0001\000\040\000P\000h\000o\000t\000o\000n\000H\000i\000t\000\050\000\051}{subsection.5.3.2}% 51
\BOOKMARK [2][-]{subsection.5.3.3}{\376\377\0005\000.\0003\000.\0003\000\040\000M\000e\000m\000b\000e\000r\000\040\000D\000a\000t\000a\000\040\000D\000o\000c\000u\000m\000e\000n\000t\000a\000t\000i\000o\000n}{section.5.3}% 52
\BOOKMARK [3][-]{subsubsection.5.3.3.1}{\376\377\0005\000.\0003\000.\0003\000.\0001\000\040\000m\000\137\000P\000h\000o\000t\000o\000n}{subsection.5.3.3}% 53
\BOOKMARK [3][-]{subsubsection.5.3.3.2}{\376\377\0005\000.\0003\000.\0003\000.\0002\000\040\000x}{subsection.5.3.3}% 54
\BOOKMARK [3][-]{subsubsection.5.3.3.3}{\376\377\0005\000.\0003\000.\0003\000.\0003\000\040\000y}{subsection.5.3.3}% 55
\BOOKMARK [1][-]{section.5.4}{\376\377\0005\000.\0004\000\040\000R\000a\000d\000i\000a\000t\000o\000r\000C\000e\000l\000l\000\040\000C\000l\000a\000s\000s\000\040\000R\000e\000f\000e\000r\000e\000n\000c\000e}{chapter.5}% 56
\BOOKMARK [2][-]{subsection.5.4.1}{\376\377\0005\000.\0004\000.\0001\000\040\000D\000e\000t\000a\000i\000l\000e\000d\000\040\000D\000e\000s\000c\000r\000i\000p\000t\000i\000o\000n}{section.5.4}% 57
\BOOKMARK [2][-]{subsection.5.4.2}{\376\377\0005\000.\0004\000.\0002\000\040\000C\000o\000n\000s\000t\000r\000u\000c\000t\000o\000r\000\040\000\046\000\040\000D\000e\000s\000t\000r\000u\000c\000t\000o\000r\000\040\000D\000o\000c\000u\000m\000e\000n\000t\000a\000t\000i\000o\000n}{section.5.4}% 58
\BOOKMARK [3][-]{subsubsection.5.4.2.1}{\376\377\0005\000.\0004\000.\0002\000.\0001\000\040\000R\000a\000d\000i\000a\000t\000o\000r\000C\000e\000l\000l\000\050\000\051}{subsection.5.4.2}% 59
\BOOKMARK [2][-]{subsection.5.4.3}{\376\377\0005\000.\0004\000.\0003\000\040\000M\000e\000m\000b\000e\000r\000\040\000F\000u\000n\000c\000t\000i\000o\000n\000\040\000D\000o\000c\000u\000m\000e\000n\000t\000a\000t\000i\000o\000n}{section.5.4}% 60
\BOOKMARK [3][-]{subsubsection.5.4.3.1}{\376\377\0005\000.\0004\000.\0003\000.\0001\000\040\000G\000e\000t\000A\000e\000r\000o\000g\000e\000l\000T\000h\000i\000c\000k\000n\000e\000s\000s\000\050\000\051}{subsection.5.4.3}% 61
\BOOKMARK [3][-]{subsubsection.5.4.3.2}{\376\377\0005\000.\0004\000.\0003\000.\0002\000\040\000G\000e\000t\000C\000o\000o\000l\000i\000n\000g\000T\000h\000i\000c\000k\000n\000e\000s\000s\000\050\000\051}{subsection.5.4.3}% 62
\BOOKMARK [3][-]{subsubsection.5.4.3.3}{\376\377\0005\000.\0004\000.\0003\000.\0003\000\040\000G\000e\000t\000M\000i\000r\000r\000o\000r\000C\000e\000n\000t\000r\000e\000\050\000\051}{subsection.5.4.3}% 63
\BOOKMARK [3][-]{subsubsection.5.4.3.4}{\376\377\0005\000.\0004\000.\0003\000.\0004\000\040\000G\000e\000t\000M\000i\000r\000r\000o\000r\000C\000u\000r\000v\000a\000t\000u\000r\000e\000\050\000\051}{subsection.5.4.3}% 64
\BOOKMARK [3][-]{subsubsection.5.4.3.5}{\376\377\0005\000.\0004\000.\0003\000.\0005\000\040\000G\000e\000t\000R\000a\000d\000i\000a\000t\000o\000r\000P\000o\000s\000i\000t\000i\000o\000n\000\050\000\051}{subsection.5.4.3}% 65
\BOOKMARK [3][-]{subsubsection.5.4.3.6}{\376\377\0005\000.\0004\000.\0003\000.\0006\000\040\000G\000e\000t\000R\000a\000d\000i\000a\000t\000o\000r\000T\000h\000i\000c\000k\000n\000e\000s\000s\000\050\000\051}{subsection.5.4.3}% 66
\BOOKMARK [3][-]{subsubsection.5.4.3.7}{\376\377\0005\000.\0004\000.\0003\000.\0007\000\040\000G\000e\000t\000V\000e\000s\000s\000e\000l\000T\000h\000i\000c\000k\000n\000e\000s\000s\000\050\000\051}{subsection.5.4.3}% 67
\BOOKMARK [2][-]{subsection.5.4.4}{\376\377\0005\000.\0004\000.\0004\000\040\000M\000e\000m\000b\000e\000r\000\040\000D\000a\000t\000a\000\040\000D\000o\000c\000u\000m\000e\000n\000t\000a\000t\000i\000o\000n}{section.5.4}% 68
\BOOKMARK [3][-]{subsubsection.5.4.4.1}{\376\377\0005\000.\0004\000.\0004\000.\0001\000\040\000m\000\137\000D\000e\000t\000e\000c\000t\000o\000r}{subsection.5.4.4}% 69
\BOOKMARK [1][-]{section.5.5}{\376\377\0005\000.\0005\000\040\000S\000i\000P\000M\000\040\000C\000l\000a\000s\000s\000\040\000R\000e\000f\000e\000r\000e\000n\000c\000e}{chapter.5}% 70
\BOOKMARK [2][-]{subsection.5.5.1}{\376\377\0005\000.\0005\000.\0001\000\040\000D\000e\000t\000a\000i\000l\000e\000d\000\040\000D\000e\000s\000c\000r\000i\000p\000t\000i\000o\000n}{section.5.5}% 71
\BOOKMARK [2][-]{subsection.5.5.2}{\376\377\0005\000.\0005\000.\0002\000\040\000C\000o\000n\000s\000t\000r\000u\000c\000t\000o\000r\000\040\000\046\000\040\000D\000e\000s\000t\000r\000u\000c\000t\000o\000r\000\040\000D\000o\000c\000u\000m\000e\000n\000t\000a\000t\000i\000o\000n}{section.5.5}% 72
\BOOKMARK [3][-]{subsubsection.5.5.2.1}{\376\377\0005\000.\0005\000.\0002\000.\0001\000\040\000S\000i\000P\000M\000\050\000\051}{subsection.5.5.2}% 73
\BOOKMARK [2][-]{subsection.5.5.3}{\376\377\0005\000.\0005\000.\0003\000\040\000M\000e\000m\000b\000e\000r\000\040\000F\000u\000n\000c\000t\000i\000o\000n\000\040\000D\000o\000c\000u\000m\000e\000n\000t\000a\000t\000i\000o\000n}{section.5.5}% 74
\BOOKMARK [3][-]{subsubsection.5.5.3.1}{\376\377\0005\000.\0005\000.\0003\000.\0001\000\040\000A\000d\000d\000P\000h\000o\000t\000o\000n\000H\000i\000t\000\050\000\051}{subsection.5.5.3}% 75
\BOOKMARK [3][-]{subsubsection.5.5.3.2}{\376\377\0005\000.\0005\000.\0003\000.\0002\000\040\000P\000l\000o\000t\000H\000i\000t\000s\000\050\000\051}{subsection.5.5.3}% 76
\BOOKMARK [1][-]{section.5.6}{\376\377\0005\000.\0006\000\040\000T\000r\000a\000c\000k\000i\000n\000g\000V\000o\000l\000u\000m\000e\000\040\000C\000l\000a\000s\000s\000\040\000R\000e\000f\000e\000r\000e\000n\000c\000e}{chapter.5}% 77
\BOOKMARK [2][-]{subsection.5.6.1}{\376\377\0005\000.\0006\000.\0001\000\040\000D\000e\000t\000a\000i\000l\000e\000d\000\040\000D\000e\000s\000c\000r\000i\000p\000t\000i\000o\000n}{section.5.6}% 78
\BOOKMARK [2][-]{subsection.5.6.2}{\376\377\0005\000.\0006\000.\0002\000\040\000C\000o\000n\000s\000t\000r\000u\000c\000t\000o\000r\000\040\000\046\000\040\000D\000e\000s\000t\000r\000u\000c\000t\000o\000r\000\040\000D\000o\000c\000u\000m\000e\000n\000t\000a\000t\000i\000o\000n}{section.5.6}% 79
\BOOKMARK [3][-]{subsubsection.5.6.2.1}{\376\377\0005\000.\0006\000.\0002\000.\0001\000\040\000T\000r\000a\000c\000k\000i\000n\000g\000V\000o\000l\000u\000m\000e\000\050\000\051}{subsection.5.6.2}% 80
\BOOKMARK [2][-]{subsection.5.6.3}{\376\377\0005\000.\0006\000.\0003\000\040\000M\000e\000m\000b\000e\000r\000\040\000F\000u\000n\000c\000t\000i\000o\000n\000\040\000D\000o\000c\000u\000m\000e\000n\000t\000a\000t\000i\000o\000n}{section.5.6}% 81
\BOOKMARK [3][-]{subsubsection.5.6.3.1}{\376\377\0005\000.\0006\000.\0003\000.\0001\000\040\000G\000e\000t\000F\000i\000e\000l\000d\000S\000t\000r\000e\000n\000g\000t\000h\000\050\000\051}{subsection.5.6.3}% 82
\BOOKMARK [3][-]{subsubsection.5.6.3.2}{\376\377\0005\000.\0006\000.\0003\000.\0002\000\040\000G\000e\000t\000R\000a\000d\000i\000u\000s\000\050\000\051}{subsection.5.6.3}% 83
\BOOKMARK [0][-]{chapter.6}{\376\377\0006\000\040\000F\000i\000l\000e\000\040\000D\000o\000c\000u\000m\000e\000n\000t\000a\000t\000i\000o\000n}{}% 84
\BOOKMARK [1][-]{section.6.1}{\376\377\0006\000.\0001\000\040\000/\000d\000a\000t\000a\000/\000l\000h\000c\000b\000/\000u\000s\000e\000r\000s\000/\000t\000a\000t\000/\000A\000R\000C\000\137\000S\000i\000m\000u\000l\000a\000t\000i\000o\000n\000\137\000R\000e\000c\000o\000n\000s\000t\000r\000u\000c\000t\000i\000o\000n\000/\000a\000p\000p\000s\000/\000R\000u\000n\000A\000R\000C\000.\000c\000p\000p\000\040\000F\000i\000l\000e\000\040\000R\000e\000f\000e\000r\000e\000n\000c\000e}{chapter.6}% 85
\BOOKMARK [2][-]{subsection.6.1.1}{\376\377\0006\000.\0001\000.\0001\000\040\000T\000y\000p\000e\000d\000e\000f\000\040\000D\000o\000c\000u\000m\000e\000n\000t\000a\000t\000i\000o\000n}{section.6.1}% 86
\BOOKMARK [3][-]{subsubsection.6.1.1.1}{\376\377\0006\000.\0001\000.\0001\000.\0001\000\040\000V\000e\000c\000t\000o\000r}{subsection.6.1.1}% 87
\BOOKMARK [2][-]{subsection.6.1.2}{\376\377\0006\000.\0001\000.\0002\000\040\000F\000u\000n\000c\000t\000i\000o\000n\000\040\000D\000o\000c\000u\000m\000e\000n\000t\000a\000t\000i\000o\000n}{section.6.1}% 88
\BOOKMARK [3][-]{subsubsection.6.1.2.1}{\376\377\0006\000.\0001\000.\0002\000.\0001\000\040\000m\000a\000i\000n\000\050\000\051}{subsection.6.1.2}% 89
\BOOKMARK [1][-]{section.6.2}{\376\377\0006\000.\0002\000\040\000/\000d\000a\000t\000a\000/\000l\000h\000c\000b\000/\000u\000s\000e\000r\000s\000/\000t\000a\000t\000/\000A\000R\000C\000\137\000S\000i\000m\000u\000l\000a\000t\000i\000o\000n\000\137\000R\000e\000c\000o\000n\000s\000t\000r\000u\000c\000t\000i\000o\000n\000/\000i\000n\000c\000l\000u\000d\000e\000/\000P\000a\000r\000t\000i\000c\000l\000e\000M\000a\000s\000s\000.\000h\000\040\000F\000i\000l\000e\000\040\000R\000e\000f\000e\000r\000e\000n\000c\000e}{chapter.6}% 90
\BOOKMARK [1][-]{section.6.3}{\376\377\0006\000.\0003\000\040\000/\000d\000a\000t\000a\000/\000l\000h\000c\000b\000/\000u\000s\000e\000r\000s\000/\000t\000a\000t\000/\000A\000R\000C\000\137\000S\000i\000m\000u\000l\000a\000t\000i\000o\000n\000\137\000R\000e\000c\000o\000n\000s\000t\000r\000u\000c\000t\000i\000o\000n\000/\000i\000n\000c\000l\000u\000d\000e\000/\000P\000a\000r\000t\000i\000c\000l\000e\000T\000r\000a\000c\000k\000.\000h\000\040\000F\000i\000l\000e\000\040\000R\000e\000f\000e\000r\000e\000n\000c\000e}{chapter.6}% 91
\BOOKMARK [2][-]{subsection.6.3.1}{\376\377\0006\000.\0003\000.\0001\000\040\000T\000y\000p\000e\000d\000e\000f\000\040\000D\000o\000c\000u\000m\000e\000n\000t\000a\000t\000i\000o\000n}{section.6.3}% 92
\BOOKMARK [3][-]{subsubsection.6.3.1.1}{\376\377\0006\000.\0003\000.\0001\000.\0001\000\040\000V\000e\000c\000t\000o\000r}{subsection.6.3.1}% 93
\BOOKMARK [1][-]{section.6.4}{\376\377\0006\000.\0004\000\040\000/\000d\000a\000t\000a\000/\000l\000h\000c\000b\000/\000u\000s\000e\000r\000s\000/\000t\000a\000t\000/\000A\000R\000C\000\137\000S\000i\000m\000u\000l\000a\000t\000i\000o\000n\000\137\000R\000e\000c\000o\000n\000s\000t\000r\000u\000c\000t\000i\000o\000n\000/\000i\000n\000c\000l\000u\000d\000e\000/\000P\000h\000o\000t\000o\000n\000.\000h\000\040\000F\000i\000l\000e\000\040\000R\000e\000f\000e\000r\000e\000n\000c\000e}{chapter.6}% 94
\BOOKMARK [2][-]{subsection.6.4.1}{\376\377\0006\000.\0004\000.\0001\000\040\000T\000y\000p\000e\000d\000e\000f\000\040\000D\000o\000c\000u\000m\000e\000n\000t\000a\000t\000i\000o\000n}{section.6.4}% 95
\BOOKMARK [3][-]{subsubsection.6.4.1.1}{\376\377\0006\000.\0004\000.\0001\000.\0001\000\040\000V\000e\000c\000t\000o\000r}{subsection.6.4.1}% 96
\BOOKMARK [1][-]{section.6.5}{\376\377\0006\000.\0005\000\040\000/\000d\000a\000t\000a\000/\000l\000h\000c\000b\000/\000u\000s\000e\000r\000s\000/\000t\000a\000t\000/\000A\000R\000C\000\137\000S\000i\000m\000u\000l\000a\000t\000i\000o\000n\000\137\000R\000e\000c\000o\000n\000s\000t\000r\000u\000c\000t\000i\000o\000n\000/\000i\000n\000c\000l\000u\000d\000e\000/\000P\000h\000o\000t\000o\000n\000M\000a\000p\000p\000e\000r\000.\000h\000\040\000F\000i\000l\000e\000\040\000R\000e\000f\000e\000r\000e\000n\000c\000e}{chapter.6}% 97
\BOOKMARK [1][-]{section.6.6}{\376\377\0006\000.\0006\000\040\000/\000d\000a\000t\000a\000/\000l\000h\000c\000b\000/\000u\000s\000e\000r\000s\000/\000t\000a\000t\000/\000A\000R\000C\000\137\000S\000i\000m\000u\000l\000a\000t\000i\000o\000n\000\137\000R\000e\000c\000o\000n\000s\000t\000r\000u\000c\000t\000i\000o\000n\000/\000i\000n\000c\000l\000u\000d\000e\000/\000R\000a\000d\000i\000a\000t\000o\000r\000C\000e\000l\000l\000.\000h\000\040\000F\000i\000l\000e\000\040\000R\000e\000f\000e\000r\000e\000n\000c\000e}{chapter.6}% 98
\BOOKMARK [2][-]{subsection.6.6.1}{\376\377\0006\000.\0006\000.\0001\000\040\000T\000y\000p\000e\000d\000e\000f\000\040\000D\000o\000c\000u\000m\000e\000n\000t\000a\000t\000i\000o\000n}{section.6.6}% 99
\BOOKMARK [3][-]{subsubsection.6.6.1.1}{\376\377\0006\000.\0006\000.\0001\000.\0001\000\040\000V\000e\000c\000t\000o\000r}{subsection.6.6.1}% 100
\BOOKMARK [1][-]{section.6.7}{\376\377\0006\000.\0007\000\040\000/\000d\000a\000t\000a\000/\000l\000h\000c\000b\000/\000u\000s\000e\000r\000s\000/\000t\000a\000t\000/\000A\000R\000C\000\137\000S\000i\000m\000u\000l\000a\000t\000i\000o\000n\000\137\000R\000e\000c\000o\000n\000s\000t\000r\000u\000c\000t\000i\000o\000n\000/\000i\000n\000c\000l\000u\000d\000e\000/\000S\000i\000P\000M\000.\000h\000\040\000F\000i\000l\000e\000\040\000R\000e\000f\000e\000r\000e\000n\000c\000e}{chapter.6}% 101
\BOOKMARK [1][-]{section.6.8}{\376\377\0006\000.\0008\000\040\000/\000d\000a\000t\000a\000/\000l\000h\000c\000b\000/\000u\000s\000e\000r\000s\000/\000t\000a\000t\000/\000A\000R\000C\000\137\000S\000i\000m\000u\000l\000a\000t\000i\000o\000n\000\137\000R\000e\000c\000o\000n\000s\000t\000r\000u\000c\000t\000i\000o\000n\000/\000i\000n\000c\000l\000u\000d\000e\000/\000T\000r\000a\000c\000k\000i\000n\000g\000V\000o\000l\000u\000m\000e\000.\000h\000\040\000F\000i\000l\000e\000\040\000R\000e\000f\000e\000r\000e\000n\000c\000e}{chapter.6}% 102
\BOOKMARK [1][-]{section.6.9}{\376\377\0006\000.\0009\000\040\000/\000d\000a\000t\000a\000/\000l\000h\000c\000b\000/\000u\000s\000e\000r\000s\000/\000t\000a\000t\000/\000A\000R\000C\000\137\000S\000i\000m\000u\000l\000a\000t\000i\000o\000n\000\137\000R\000e\000c\000o\000n\000s\000t\000r\000u\000c\000t\000i\000o\000n\000/\000s\000r\000c\000/\000C\000M\000a\000k\000e\000L\000i\000s\000t\000s\000.\000t\000x\000t\000\040\000F\000i\000l\000e\000\040\000R\000e\000f\000e\000r\000e\000n\000c\000e}{chapter.6}% 103
\BOOKMARK [1][-]{section.6.10}{\376\377\0006\000.\0001\0000\000\040\000/\000d\000a\000t\000a\000/\000l\000h\000c\000b\000/\000u\000s\000e\000r\000s\000/\000t\000a\000t\000/\000A\000R\000C\000\137\000S\000i\000m\000u\000l\000a\000t\000i\000o\000n\000\137\000R\000e\000c\000o\000n\000s\000t\000r\000u\000c\000t\000i\000o\000n\000/\000a\000p\000p\000s\000/\000C\000M\000a\000k\000e\000L\000i\000s\000t\000s\000.\000t\000x\000t\000\040\000F\000i\000l\000e\000\040\000R\000e\000f\000e\000r\000e\000n\000c\000e}{chapter.6}% 104
\BOOKMARK [1][-]{section.6.11}{\376\377\0006\000.\0001\0001\000\040\000/\000d\000a\000t\000a\000/\000l\000h\000c\000b\000/\000u\000s\000e\000r\000s\000/\000t\000a\000t\000/\000A\000R\000C\000\137\000S\000i\000m\000u\000l\000a\000t\000i\000o\000n\000\137\000R\000e\000c\000o\000n\000s\000t\000r\000u\000c\000t\000i\000o\000n\000/\000s\000r\000c\000/\000P\000a\000r\000t\000i\000c\000l\000e\000M\000a\000s\000s\000.\000c\000p\000p\000\040\000F\000i\000l\000e\000\040\000R\000e\000f\000e\000r\000e\000n\000c\000e}{chapter.6}% 105
\BOOKMARK [1][-]{section.6.12}{\376\377\0006\000.\0001\0002\000\040\000/\000d\000a\000t\000a\000/\000l\000h\000c\000b\000/\000u\000s\000e\000r\000s\000/\000t\000a\000t\000/\000A\000R\000C\000\137\000S\000i\000m\000u\000l\000a\000t\000i\000o\000n\000\137\000R\000e\000c\000o\000n\000s\000t\000r\000u\000c\000t\000i\000o\000n\000/\000s\000r\000c\000/\000P\000a\000r\000t\000i\000c\000l\000e\000T\000r\000a\000c\000k\000.\000c\000p\000p\000\040\000F\000i\000l\000e\000\040\000R\000e\000f\000e\000r\000e\000n\000c\000e}{chapter.6}% 106
\BOOKMARK [1][-]{section.6.13}{\376\377\0006\000.\0001\0003\000\040\000/\000d\000a\000t\000a\000/\000l\000h\000c\000b\000/\000u\000s\000e\000r\000s\000/\000t\000a\000t\000/\000A\000R\000C\000\137\000S\000i\000m\000u\000l\000a\000t\000i\000o\000n\000\137\000R\000e\000c\000o\000n\000s\000t\000r\000u\000c\000t\000i\000o\000n\000/\000s\000r\000c\000/\000P\000h\000o\000t\000o\000n\000.\000c\000p\000p\000\040\000F\000i\000l\000e\000\040\000R\000e\000f\000e\000r\000e\000n\000c\000e}{chapter.6}% 107
\BOOKMARK [1][-]{section.6.14}{\376\377\0006\000.\0001\0004\000\040\000/\000d\000a\000t\000a\000/\000l\000h\000c\000b\000/\000u\000s\000e\000r\000s\000/\000t\000a\000t\000/\000A\000R\000C\000\137\000S\000i\000m\000u\000l\000a\000t\000i\000o\000n\000\137\000R\000e\000c\000o\000n\000s\000t\000r\000u\000c\000t\000i\000o\000n\000/\000s\000r\000c\000/\000P\000h\000o\000t\000o\000n\000M\000a\000p\000p\000e\000r\000.\000c\000p\000p\000\040\000F\000i\000l\000e\000\040\000R\000e\000f\000e\000r\000e\000n\000c\000e}{chapter.6}% 108
\BOOKMARK [1][-]{section.6.15}{\376\377\0006\000.\0001\0005\000\040\000/\000d\000a\000t\000a\000/\000l\000h\000c\000b\000/\000u\000s\000e\000r\000s\000/\000t\000a\000t\000/\000A\000R\000C\000\137\000S\000i\000m\000u\000l\000a\000t\000i\000o\000n\000\137\000R\000e\000c\000o\000n\000s\000t\000r\000u\000c\000t\000i\000o\000n\000/\000s\000r\000c\000/\000R\000a\000d\000i\000a\000t\000o\000r\000C\000e\000l\000l\000.\000c\000p\000p\000\040\000F\000i\000l\000e\000\040\000R\000e\000f\000e\000r\000e\000n\000c\000e}{chapter.6}% 109
\BOOKMARK [1][-]{section.6.16}{\376\377\0006\000.\0001\0006\000\040\000/\000d\000a\000t\000a\000/\000l\000h\000c\000b\000/\000u\000s\000e\000r\000s\000/\000t\000a\000t\000/\000A\000R\000C\000\137\000S\000i\000m\000u\000l\000a\000t\000i\000o\000n\000\137\000R\000e\000c\000o\000n\000s\000t\000r\000u\000c\000t\000i\000o\000n\000/\000s\000r\000c\000/\000S\000i\000P\000M\000.\000c\000p\000p\000\040\000F\000i\000l\000e\000\040\000R\000e\000f\000e\000r\000e\000n\000c\000e}{chapter.6}% 110
\BOOKMARK [1][-]{section.6.17}{\376\377\0006\000.\0001\0007\000\040\000/\000d\000a\000t\000a\000/\000l\000h\000c\000b\000/\000u\000s\000e\000r\000s\000/\000t\000a\000t\000/\000A\000R\000C\000\137\000S\000i\000m\000u\000l\000a\000t\000i\000o\000n\000\137\000R\000e\000c\000o\000n\000s\000t\000r\000u\000c\000t\000i\000o\000n\000/\000s\000r\000c\000/\000T\000r\000a\000c\000k\000i\000n\000g\000V\000o\000l\000u\000m\000e\000.\000c\000p\000p\000\040\000F\000i\000l\000e\000\040\000R\000e\000f\000e\000r\000e\000n\000c\000e}{chapter.6}% 111
\BOOKMARK [0][-]{section*.32}{\376\377\000I\000n\000d\000e\000x}{}% 112
